AT+CGPSINF=0

0,5618.413553,5800.459918,75.973145,20151201201439.000,35,13,0.000000,2.077110
OK
AT+CGPSINF=0

0,5618.413553,5800.459918,75.973145,20151201201444.000,35,13,0.000000,2.077110
OK
AT+CGPSINF=0

0,5618.413553,5800.459918,75.973145,20151201201449.000,35,13,0.000000,2.077110
OK
AT+CGPSINF=0

0,5618.413553,5800.459918,75.973145,20151201201454.000,35,13,0.000000,2.077110
OK
AT+CGPSINF=0

0,5618.413553,5800.459918,75.973145,20151201201459.001,35,13,0.000000,2.077110
OK
AT+CGPSINF=0

0,5618.418496,5800.453709,92.622414,20151201201504.000,35,13,1.150723,115.154747
OK
AT+CGPSINF=0

0,5618.428276,5800.450761,94.269875,20151201201509.000,35,13,2.585054,122.524567
OK
AT+CGPSINF=0

0,5618.441548,5800.445784,95.320297,20151201201514.000,35,13,3.383552,122.788254
OK
AT+CGPSINF=0

0,5618.462396,5800.438353,98.015259,20151201201519.000,35,13,6.090094,110.314034
OK
AT+CGPSINF=0

0,5618.492300,5800.432432,101.453842,20151201201524.000,35,13,4.465195,107.469475
OK
AT+CGPSINF=0

0,5618.508874,5800.430865,106.370049,20151201201529.000,35,13,2.955101,130.453323
OK
AT+CGPSINF=0

0,5618.505549,5800.419207,109.501427,20151201201534.000,35,13,6.008589,212.413254
OK
AT+CGPSINF=0

0,5618.489401,5800.403253,113.726067,20151201201539.000,35,13,7.355214,207.549362
OK

+CREG: 1
AT+CGPSINF=0

0,5618.471587,5800.384742,116.178062,20151201201544.000,35,13,8.116123,205.730026
OK
AT+CGPSINF=0

0,5618.453674,5800.365053,118.765320,20151201201549.000,35,13,6.933633,206.073502
OK
AT+CGPSINF=0

0,5618.444175,5800.354916,120.689133,20151201201554.000,35,13,1.752403,206.415436
OK
AT+CGPSINF=0

0,5618.443259,5800.353918,121.286690,20151201201559.000,35,13,0.000000,206.415436
OK
AT+CGPSINF=0

0,5618.443259,5800.353918,121.286690,20151201201604.000,35,13,0.000000,206.415436
OK
AT+CGPSINF=0

0,5618.443259,5800.353918,121.286690,20151201201609.000,35,13,0.000000,206.415436
OK
AT+CGPSINF=0

0,5618.442101,5800.352685,121.874702,20151201201614.000,35,13,0.050886,206.411057
OK
AT+CGPSINF=0

0,5618.437490,5800.347209,123.159065,20151201201619.000,35,13,4.596345,208.559189
OK

+CREG: 0
AT+CGPSINF=0

0,5618.421705,5800.331279,125.768105,20151201201624.000,35,13,7.952183,206.854340
OK
AT+CGPSINF=0

0,5618.401176,5800.308887,129.621399,20151201201629.001,35,13,10.956977,206.418716
OK
AT+CGPSINF=0

0,5618.374341,5800.278967,131.550369,20151201201634.000,35,13,12.797992,205.408279
OK
AT+CGPSINF=0

0,5618.343218,5800.246936,136.317139,20151201201639.000,35,13,14.222698,206.553085
OK
AT+CGPSINF=0

0,5618.311286,5800.213594,139.596664,20151201201644.000,35,13,13.378988,208.026001
OK
AT+CGPSINF=0

0,5618.283051,5800.184886,141.980927,20151201201649.000,35,13,12.558815,208.441223
OK
AT+CGPSINF=0

0,5618.247105,5800.155726,143.873444,20151201201654.000,35,13,13.106199,216.169098
OK
AT+CGPSINF=0

0,5618.202562,5800.130615,145.059692,20151201201659.000,35,13,12.898370,231.287964
OK
AT+CGPSINF=0

0,5618.144185,5800.112146,146.453979,20151201201704.000,35,13,14.338010,243.186020
OK
AT+CGPSINF=0

0,5618.077676,5800.096092,148.111374,20151201201709.000,35,13,14.371305,246.217560
OK
AT+CGPSINF=0

0,5618.022419,5800.083741,150.329025,20151201201714.000,35,13,8.940372,245.710678
OK
AT+CGPSINF=0

0,5617.991324,5800.076827,151.984680,20151201201719.000,35,13,4.519310,244.786316
OK
AT+CGPSINF=0

0,5617.984190,5800.075549,153.269287,20151201201724.000,35,14,0.000000,244.404282
OK
AT+CGPSINF=0

0,5617.984190,5800.075549,153.269287,20151201201729.000,35,14,0.000000,244.404282
OK
AT+CGPSINF=0

0,5617.982765,5800.075180,153.375305,20151201201734.000,35,14,2.610677,245.003174
OK
AT+CGPSINF=0

0,5617.960663,5800.069681,153.853226,20151201201739.000,35,14,7.232563,246.828873
OK
AT+CGPSINF=0

0,5617.919380,5800.059587,154.548294,20151201201744.000,35,14,10.240093,243.455383
OK
AT+CGPSINF=0

0,5617.868791,5800.044519,155.640228,20151201201749.000,35,14,12.240145,236.249252
OK
AT+CGPSINF=0

0,5617.817327,5800.022262,154.011810,20151201201754.000,35,14,13.877979,225.842590
OK
AT+CGPSINF=0

0,5617.771311,5759.991836,155.455978,20151201201759.000,35,14,14.701375,214.733490
OK
AT+CGPSINF=0

0,5617.729578,5759.959862,156.466324,20151201201804.001,35,14,13.333002,215.474899
OK
AT+CGPSINF=0

0,5617.687571,5759.933757,157.181961,20151201201809.000,35,14,12.876635,223.122635
OK
AT+CGPSINF=0

0,5617.640979,5759.910456,157.942291,20151201201814.000,35,14,12.218162,229.412415
OK
AT+CGPSINF=0

0,5617.595895,5759.891019,158.842484,20151201201819.000,35,14,10.589768,236.223846
OK
AT+CGPSINF=0

0,5617.542860,5759.883020,159.019058,20151201201824.000,35,14,11.892510,263.196472
OK
AT+CGPSINF=0

0,5617.478872,5759.879187,159.142456,20151201201829.000,35,14,13.339449,264.610321
OK
AT+CGPSINF=0

0,5617.408966,5759.875719,158.950912,20151201201834.000,35,14,13.687254,264.292267
OK
AT+CGPSINF=0

0,5617.341667,5759.873976,158.821167,20151201201839.000,35,14,11.606404,267.549988
OK
AT+CGPSINF=0

0,5617.288088,5759.872613,158.232346,20151201201844.000,35,14,9.948956,265.956116
OK
AT+CGPSINF=0

0,5617.270047,5759.872104,158.057220,20151201201849.000,35,14,0.000000,264.483673
OK

+CREG: 1
AT+CGPSINF=0

0,5617.270047,5759.872104,158.057220,20151201201854.000,35,14,0.000000,264.483673
OK

+CREG: 1
AT+CGPSINF=0

0,5617.270047,5759.872104,158.057220,20151201201859.000,35,14,0.000000,264.483673
OK
AT+CGPSINF=0

0,5617.269685,5759.872085,158.272156,20151201201904.000,35,14,0.197279,264.449127
OK
AT+CGPSINF=0

0,5617.261642,5759.871840,158.498917,20151201201909.000,35,14,4.644571,264.519104
OK
AT+CGPSINF=0

0,5617.238319,5759.876023,158.000610,20151201201914.001,35,14,6.105553,337.543884
OK

+CREG: 0
AT+CGPSINF=0

0,5617.234668,5759.900303,158.100082,20151201201919.000,35,14,11.649783,357.180481
OK
AT+CGPSINF=0

0,5617.226332,5759.938736,157.878403,20151201201924.000,35,14,16.474064,353.779724
OK

+CREG: 1
AT+CGPSINF=0

0,5617.218668,5759.988873,157.694977,20151201201929.000,35,14,20.088055,355.779694
OK
AT+CGPSINF=0

0,5617.210165,5800.048326,157.994797,20151201201934.000,35,14,23.586870,355.870697
OK
AT+CGPSINF=0

0,5617.199990,5800.115275,158.358261,20151201201939.000,35,14,25.811356,354.926422
OK

+CREG: 0
AT+CGPSINF=0

0,5617.191600,5800.187974,157.899582,20151201201944.000,35,14,27.646091,357.747009
OK
AT+CGPSINF=0

0,5617.181251,5800.252168,158.399643,20151201201949.000,35,14,18.757462,348.809387
OK
AT+CGPSINF=0

0,5617.146679,5800.300435,158.263275,20151201201954.000,35,14,18.682140,335.096191
OK
AT+CGPSINF=0

0,5617.110927,5800.343685,157.997879,20151201201959.000,35,14,17.024986,335.443054
OK
AT+CGPSINF=0

0,5617.078077,5800.380822,156.897903,20151201202004.000,35,14,12.829659,332.579834
OK
AT+CGPSINF=0

0,5617.053300,5800.404621,156.542969,20151201202009.000,35,14,7.009802,333.323334
OK
AT+CGPSINF=0

0,5617.044798,5800.413292,156.827637,20151201202014.000,35,14,0.730664,334.680634
OK
AT+CGPSINF=0

0,5617.044161,5800.413658,156.835632,20151201202019.000,35,14,0.721792,334.680634
OK

+CREG: 1
AT+CGPSINF=0

0,5617.039256,5800.418829,156.808121,20151201202024.000,35,14,2.321919,324.059448
OK
AT+CGPSINF=0

0,5617.025420,5800.419473,155.638489,20151201202029.000,35,14,3.568091,252.841522
OK
AT+CGPSINF=0

0,5616.993339,5800.411873,154.932220,20151201202034.000,35,14,9.571770,246.774078
OK
AT+CGPSINF=0

0,5616.944656,5800.398636,150.617935,20151201202039.000,35,14,10.527056,241.992706
OK
AT+CGPSINF=0

0,5616.907404,5800.379834,146.685516,20151201202044.000,35,14,9.418550,209.244934
OK
AT+CGPSINF=0

0,5616.872987,5800.363210,145.253632,20151201202049.001,35,14,10.710514,250.398224
OK

+CREG: 1
AT+CGPSINF=0

0,5616.808263,5800.352878,143.063110,20151201202054.000,35,14,15.394588,253.766510
OK
AT+CGPSINF=0

0,5616.728277,5800.342511,140.558075,20151201202059.000,35,14,15.774386,259.659515
OK
AT+CGPSINF=0

0,5616.648485,5800.337623,138.088638,20151201202104.000,35,14,16.045944,265.048828
OK
AT+CGPSINF=0

0,5616.561301,5800.334882,134.659622,20151201202109.000,35,14,17.981144,267.730743
OK
AT+CGPSINF=0

0,5616.467657,5800.337086,133.628296,20151201202114.000,35,14,18.763056,276.431122
OK
AT+CGPSINF=0

0,5616.374086,5800.343411,133.319458,20151201202119.000,35,14,18.811363,277.409149
OK

+CREG: 0
AT+CGPSINF=0

0,5616.277162,5800.350055,135.700180,20151201202124.000,35,14,19.277273,278.214600
OK
AT+CGPSINF=0

0,5616.178038,5800.357671,138.331451,20151201202129.000,35,14,20.244850,278.092712
OK
AT+CGPSINF=0

0,5616.074749,5800.364656,140.633316,20151201202134.000,35,14,19.391216,277.341034
OK
AT+CGPSINF=0

0,5615.994501,5800.370546,142.748642,20151201202139.000,35,14,11.896208,279.379150
OK
AT+CGPSINF=0

0,5615.948773,5800.373970,143.725464,20151201202144.000,35,14,8.366553,277.788940
OK
AT+CGPSINF=0

0,5615.909823,5800.376858,144.498932,20151201202149.000,35,14,8.005729,277.141418
OK
AT+CGPSINF=0

0,5615.858590,5800.380583,145.152710,20151201202154.000,35,14,11.175948,277.679077
OK
AT+CGPSINF=0

0,5615.796860,5800.384475,145.926193,20151201202159.000,35,14,13.814498,279.733856
OK
AT+CGPSINF=0

0,5615.721199,5800.386805,146.913239,20151201202204.000,35,14,16.205168,269.087372
OK
AT+CGPSINF=0

0,5615.631303,5800.381039,148.425629,20151201202209.000,35,14,19.104826,257.252197
OK

+CREG: 1
AT+CGPSINF=0

0,5615.538371,5800.365732,150.399948,20151201202214.000,35,14,18.235018,248.232513
OK
AT+CGPSINF=0

0,5615.469560,5800.349021,150.796585,20151201202219.000,35,14,10.738930,245.466751
OK
AT+CGPSINF=0

0,5615.440691,5800.345567,151.376007,20151201202224.000,35,14,4.869610,303.631256
OK
AT+CGPSINF=0

0,5615.424955,5800.359810,151.266891,20151201202229.001,35,14,8.373910,335.078552
OK
AT+CGPSINF=0

0,5615.399666,5800.386751,150.624084,20151201202234.000,35,14,13.213038,333.694885
OK
AT+CGPSINF=0

0,5615.366874,5800.420684,149.865005,20151201202239.000,35,14,13.839120,333.016449
OK
AT+CGPSINF=0

0,5615.338405,5800.452526,149.923172,20151201202244.000,35,14,13.199408,333.311859
OK

+CREG: 0
AT+CGPSINF=0

0,5615.307068,5800.485377,149.220871,20151201202249.000,35,14,12.742754,330.876892
OK
AT+CGPSINF=0

0,5615.276963,5800.515790,151.725616,20151201202254.000,35,14,13.255204,334.972931
OK
AT+CGPSINF=0

0,5615.250138,5800.546608,153.158447,20151201202259.000,35,14,9.730668,337.635468
OK
AT+CGPSINF=0

0,5615.241481,5800.556810,153.025925,20151201202304.000,35,14,0.310934,335.878906
OK
AT+CGPSINF=0

0,5615.239387,5800.558721,153.776108,20151201202309.000,35,14,3.334225,330.398804
OK
AT+CGPSINF=0

0,5615.224749,5800.574332,152.808899,20151201202314.000,35,14,9.300661,332.458954
OK
AT+CGPSINF=0

0,5615.198632,5800.601296,151.149796,20151201202319.000,35,14,13.328837,332.988922
OK
AT+CGPSINF=0

0,5615.166323,5800.633963,149.941864,20151201202324.000,35,14,12.527997,331.666107
OK
AT+CGPSINF=0

0,5615.137346,5800.664410,148.271179,20151201202329.000,35,14,13.898870,332.611755
OK
AT+CGPSINF=0

0,5615.105315,5800.696529,144.192108,20151201202334.000,35,14,12.200803,331.758942
OK
AT+CGPSINF=0

0,5615.083832,5800.717891,144.349976,20151201202339.000,35,14,6.468226,336.143677
OK
AT+CGPSINF=0

0,5615.075758,5800.725201,145.170609,20151201202344.000,35,14,0.324948,336.497559
OK
AT+CGPSINF=0

0,5615.075236,5800.725090,145.222900,20151201202349.000,35,14,0.000000,336.497559
OK
AT+CGPSINF=0

0,5615.075236,5800.725090,145.222900,20151201202354.000,35,14,0.000000,336.497559
OK
AT+CGPSINF=0

0,5615.075236,5800.725090,145.222900,20151201202359.000,35,14,0.000000,336.497559
OK
AT+CGPSINF=0

0,5615.075236,5800.725090,145.222900,20151201202404.000,35,14,0.000000,336.497559
OK
AT+CGPSINF=0

0,5615.075236,5800.725090,145.222900,20151201202409.000,35,14,0.000000,336.497559
OK
AT+CGPSINF=0

0,5615.075236,5800.725090,145.222900,20151201202414.000,35,14,0.000000,336.497559
OK
AT+CGPSINF=0

0,5615.074172,5800.726123,146.115982,20151201202419.000,35,14,2.474286,331.490875
OK
AT+CGPSINF=0

0,5615.060290,5800.738909,147.972900,20151201202424.000,35,14,8.458706,330.434723
OK
AT+CGPSINF=0

0,5615.032397,5800.766615,148.080673,20151201202429.000,35,14,14.047614,332.436218
OK
AT+CGPSINF=0

0,5615.002497,5800.798124,147.966339,20151201202434.000,35,14,11.294419,333.422058
OK
AT+CGPSINF=0

0,5614.975294,5800.826664,146.939194,20151201202439.000,35,14,12.561168,332.458099
OK
AT+CGPSINF=0

0,5614.949598,5800.852654,145.452530,20151201202444.000,35,14,6.794621,330.874634
OK
AT+CGPSINF=0

0,5614.937087,5800.858973,142.044083,20151201202449.000,35,14,5.021677,249.517395
OK
AT+CGPSINF=0

0,5614.907643,5800.851678,141.126968,20151201202454.000,35,14,9.266685,241.974777
OK
AT+CGPSINF=0

0,5614.858161,5800.838083,139.898071,20151201202459.000,35,14,12.239620,243.414062
OK
AT+CGPSINF=0

0,5614.810175,5800.824554,139.175186,20151201202504.000,35,14,9.540666,242.466766
OK
AT+CGPSINF=0

0,5614.766681,5800.812054,139.223450,20151201202509.000,35,14,10.891789,239.294678
OK
AT+CGPSINF=0

0,5614.714241,5800.796643,138.447281,20151201202514.000,35,14,11.499587,241.608658
OK
AT+CGPSINF=0

0,5614.663758,5800.782163,136.395279,20151201202519.000,35,14,10.933012,241.627380
OK
AT+CGPSINF=0

0,5614.624266,5800.770936,135.408112,20151201202524.000,35,14,5.732811,242.158035
OK
AT+CGPSINF=0

0,5614.606510,5800.765843,135.164673,20151201202529.000,35,14,4.067878,242.393280
OK
AT+CGPSINF=0

0,5614.581768,5800.758951,134.744308,20151201202534.000,35,14,6.704759,241.579819
OK

+CREG: 1
AT+CGPSINF=0

0,5614.543630,5800.748375,133.825562,20151201202539.000,35,14,9.963691,241.602020
OK
AT+CGPSINF=0

0,5614.494932,5800.734578,132.897751,20151201202544.000,35,14,11.650991,242.237091
OK
AT+CGPSINF=0

0,5614.442202,5800.719752,131.756592,20151201202549.000,35,14,11.488527,241.857590
OK
AT+CGPSINF=0

0,5614.393682,5800.706453,130.905487,20151201202554.000,35,14,10.478083,243.991287
OK
AT+CGPSINF=0

0,5614.356378,5800.696605,130.290451,20151201202559.000,35,14,2.413227,241.882126
OK
AT+CGPSINF=0

0,5614.355164,5800.696272,130.163223,20151201202604.000,35,14,0.000000,241.882080
OK
 IIIIÿÿÿÿAT+CGPSINF=0

0,0.000000,0.000000,0.000000,00000000000000.000,0,0,0.000000,0.000000
OK

GPS Ready

+CREG: 1
AT+CGPSINF=0

0,0.000000,0.000000,0.000000,00000000000000.000,0,0,0.000000,0.000000
OK
AT+CGPSINF=0

0,0.000000,0.000000,0.000000,00000000000000.000,0,0,0.000000,0.000000
OK
AT+CGPSINF=0

0,0.000000,0.000000,0.000000,00000000000000.000,0,0,0.000000,0.000000
OK
AT+CGPSINF=0

0,0.000000,0.000000,0.000000,00000000000000.000,0,0,0.000000,0.000000
OK
AT+CGPSINF=0

0,0.000000,0.000000,0.000000,00000000000000.000,0,0,0.000000,0.000000
OK
AT+CGPSINF=0

0,0.000000,0.000000,0.000000,00000000000000.000,0,0,0.000000,0.000000
OK
AT+CGPSINF=0

0,0.000000,0.000000,0.000000,00000000000000.000,0,0,0.000000,0.000000
OK

+CMTI: "SM",7
AT+CGPSINF=0

0,0.000000,0.000000,0.000000,00000000000000.000,0,0,0.000000,0.000000
OK
AT+CGPSINF=0

0,0.000000,0.000000,0.000000,00000000000000.000,0,0,0.000000,0.000000
OK
AT+CGPSINF=0

0,0.000000,0.000000,0.000000,00000000000000.000,0,0,0.000000,0.000000
OK
AT+CGPSINF=0

0,0.000000,0.000000,0.000000,00000000000000.000,0,0,0.000000,0.000000
OK
AT+CGPSINF=0

0,0.000000,0.000000,0.000000,00000000000000.000,0,0,0.000000,0.000000
OK

+CREG: 1
AT+CGPSPWR=1

OK

+CREG: 1
AT+CGPSRST=0

OK

+CREG: 1

+CREG: 1

+CREG: 1
AT+CGPSINF=0

0,5614.268673,5800.682623,117.959717,20151201203152.000,36,10,0.000000,0.000000
OK
AT+CGPSINF=0

0,5614.268673,5800.682623,117.959717,20151201203157.000,36,10,0.000000,0.000000
OK
AT+CGPSINF=0

0,5614.268673,5800.682623,117.959717,20151201203202.000,36,10,0.000000,0.000000
OK
AT+CGPSINF=0

0,5614.268673,5800.682623,117.959717,20151201203207.000,36,10,0.000000,0.000000
OK
AT+CGPSINF=0

0,5614.268673,5800.682623,117.959717,20151201203212.000,36,10,0.000000,0.000000
OK
AT+CGPSINF=0

0,5614.268673,5800.682623,117.959717,20151201203217.000,36,10,0.000000,0.000000
OK

+CREG: 1
AT+CGPSINF=0

0,5614.268673,5800.682623,117.959717,20151201203222.000,36,10,0.000000,0.000000
OK
AT+CGPSINF=0

0,5614.268673,5800.682623,117.959717,20151201203227.000,36,10,0.000000,0.000000
OK
AT+CGPSINF=0

0,5614.268673,5800.682623,117.959717,20151201203232.000,36,10,0.000000,0.000000
OK
AT+CGPSINF=0

0,5614.268673,5800.682623,117.959717,20151201203237.000,36,10,0.000000,0.000000
OK
AT+CGPSINF=0

0,5614.268673,5800.682623,117.959717,20151201203242.000,36,11,0.000000,0.000000
OK
AT+CGPSINF=0

0,5614.268673,5800.682623,117.959717,20151201203247.000,36,11,0.000000,0.000000
OK
AT+CGPSINF=0

0,5614.268673,5800.682623,117.959717,20151201203252.000,36,11,0.000000,0.000000
OK
AT+CGPSINF=0

0,5614.268673,5800.682623,117.959717,20151201203257.000,36,11,0.000000,0.000000
OK
AT+CGPSINF=0

0,5614.268673,5800.682623,117.959717,20151201203302.000,36,11,0.000000,0.000000
OK
AT+CGPSINF=0

0,5614.268673,5800.682623,117.959717,20151201203307.000,36,11,0.000000,0.000000
OK
AT+CGPSINF=0

0,5614.268673,5800.682623,117.959717,20151201203312.000,36,11,0.000000,0.000000
OK
AT+CGPSINF=0

0,5614.268673,5800.682623,117.959717,20151201203317.000,36,11,0.000000,0.000000
OK
AT+CGPSINF=0

0,5614.268673,5800.682623,117.959717,20151201203322.000,36,11,0.000000,0.000000
OK
AT+CGPSINF=0

0,5614.268673,5800.682623,117.959717,20151201203327.000,36,11,0.000000,0.000000
OK
AT+CGPSINF=0

0,5614.268673,5800.682623,117.959717,20151201203332.000,36,11,0.000000,0.000000
OK
AT+CGPSINF=0

0,5614.268673,5800.682623,117.959717,20151201203337.000,36,11,0.000000,0.000000
OK
AT+CGPSINF=0

0,5614.268673,5800.682623,117.959717,20151201203342.000,36,11,0.000000,0.000000
OK
AT+CGPSINF=0

0,5614.268673,5800.682623,117.959717,20151201203347.000,36,11,0.000000,0.000000
OK
AT+CGPSINF=0

0,5614.268673,5800.682623,117.959717,20151201203352.000,36,11,0.000000,0.000000
OK
AT+CGPSINF=0

0,5614.268673,5800.682623,117.959717,20151201203357.000,36,11,0.000000,0.000000
OK
AT+CGPSINF=0

0,5614.268673,5800.682623,117.959717,20151201203402.000,36,11,0.000000,0.000000
OK
AT+CGPSINF=0

0,5614.268673,5800.682623,117.959717,20151201203407.000,36,11,0.000000,0.000000
OK
AT+CGPSINF=0

0,5614.268673,5800.682623,117.959717,20151201203412.000,36,11,0.000000,0.000000
OK
AT+CGPSINF=0

0,5614.268673,5800.682623,117.959717,20151201203417.000,36,11,0.000000,0.000000
OK
AT+CGPSINF=0

0,5614.268673,5800.682623,117.959717,20151201203422.000,36,11,0.000000,0.000000
OK
AT+CGPSINF=0

0,5614.268673,5800.682623,117.959717,20151201203427.000,36,11,0.000000,0.000000
OK
AT+CGPSINF=0

0,5614.268673,5800.682623,117.959717,20151201203432.000,36,11,0.000000,0.000000
OK
AT+CGPSINF=0

0,5614.268673,5800.682623,117.959717,20151201203437.000,36,11,0.000000,0.000000
OK
AT+CGPSINF=0

0,5614.268673,5800.682623,117.959717,20151201203442.000,36,11,0.000000,0.000000
OK
AT+CGPSINF=0

0,5614.268673,5800.682623,117.959717,20151201203447.000,36,11,0.000000,0.000000
OK
AT+CGPSINF=0

0,5614.268673,5800.682623,117.959717,20151201203452.000,36,11,0.000000,0.000000
OK
AT+CGPSINF=0

0,5614.268673,5800.682623,117.959717,20151201203457.000,36,11,0.000000,0.000000
OK
AT+CGPSINF=0

0,5614.268673,5800.682623,117.959717,20151201203502.000,36,11,0.000000,0.000000
OK
AT+CGPSINF=0

0,5614.268673,5800.682623,117.959717,20151201203507.000,36,11,0.000000,0.000000
OK
AT+CGPSINF=0

0,5614.268673,5800.682623,117.959717,20151201203512.000,36,11,0.000000,0.000000
OK
AT+CGPSINF=0

0,5614.268673,5800.682623,117.959717,20151201203517.000,36,11,0.000000,0.000000
OK
AT+CGPSINF=0

0,5614.268673,5800.682623,117.959717,20151201203522.000,36,11,0.000000,0.000000
OK
AT+CGPSINF=0

0,5614.268673,5800.682623,117.959717,20151201203527.000,36,11,0.000000,0.000000
OK
AT+CGPSINF=0

0,5614.268673,5800.682623,117.959717,20151201203532.000,36,11,0.000000,0.000000
OK
AT+CGPSINF=0

0,5614.268673,5800.682623,117.959717,20151201203537.000,36,11,0.000000,0.000000
OK
AT+CGPSINF=0

0,5614.268673,5800.682623,117.959717,20151201203542.000,36,11,0.000000,0.000000
OK
AT+CGPSINF=0

0,5614.268673,5800.682623,117.959717,20151201203547.000,36,11,0.000000,0.000000
OK
AT+CGPSINF=0

0,5614.268673,5800.682623,117.959717,20151201203552.000,36,11,0.000000,0.000000
OK
AT+CGPSINF=0

0,5614.268673,5800.682623,117.959717,20151201203557.000,36,11,0.000000,0.000000
OK

+CREG: 1
AT+CGPSINF=0

0,5614.268673,5800.682623,117.959717,20151201203602.000,36,11,0.000000,0.000000
OK
AT+CGPSINF=0

0,5614.268673,5800.682623,117.959717,20151201203607.000,36,11,0.000000,0.000000
OK
AT+CGPSINF=0

0,5614.268673,5800.682623,117.959717,20151201203612.000,36,11,0.000000,0.000000
OK
AT+CGPSINF=0

0,5614.268673,5800.682623,117.959717,20151201203617.000,36,11,0.000000,0.000000
OK
AT+CGPSINF=0

0,5614.268673,5800.682623,117.959717,20151201203622.000,36,11,0.000000,0.000000
OK
AT+CGPSINF=0

0,5614.268673,5800.682623,117.959717,20151201203627.000,36,11,0.000000,0.000000
OK
AT+CGPSINF=0

0,5614.265148,5800.679110,120.646240,20151201203632.000,36,11,2.103426,248.347565
OK
AT+CGPSINF=0

0,5614.260515,5800.679087,120.234489,20151201203637.000,36,11,0.000000,286.834229
OK
AT+CGPSINF=0

0,5614.260515,5800.679087,120.234489,20151201203642.000,36,11,0.000000,286.834229
OK

+CREG: 1
AT+CGPSINF=0

0,5614.260515,5800.679087,120.234489,20151201203647.000,36,11,0.000000,286.834229
OK
AT+CGPSINF=0

0,5614.260515,5800.679087,120.234489,20151201203652.000,36,11,0.000000,286.834229
OK
AT+CGPSINF=0

0,5614.260515,5800.679087,120.234489,20151201203657.000,36,12,0.000000,286.834229
OK
AT+CGPSINF=0

0,5614.260515,5800.679087,120.234489,20151201203702.000,36,12,0.000000,286.834229
OK
AT+CGPSINF=0

0,5614.260515,5800.679087,120.234489,20151201203707.000,36,12,0.000000,286.834229
OK
AT+CGPSINF=0

0,5614.260515,5800.679087,120.234489,20151201203712.000,36,12,0.000000,286.834229
OK
AT+CGPSINF=0

0,5614.260515,5800.679087,120.234489,20151201203717.000,36,12,0.000000,286.834229
OK
AT+CGPSINF=0

0,5614.260515,5800.679087,120.234489,20151201203722.000,36,12,0.000000,286.834229
OK
AT+CGPSINF=0

0,5614.260515,5800.679087,120.234489,20151201203727.000,36,12,0.000000,286.834229
OK
AT+CGPSINF=0

0,5614.260515,5800.679087,120.234489,20151201203732.000,36,12,0.000000,286.834229
OK
AT+CGPSINF=0

0,5614.260515,5800.679087,120.234489,20151201203737.000,36,12,0.000000,286.834229
OK
AT+CGPSINF=0

0,5614.260515,5800.679087,120.234489,20151201203742.000,36,12,0.000000,286.834229
OK
AT+CGPSINF=0

0,5614.260515,5800.679087,120.234489,20151201203747.000,36,12,0.000000,286.834229
OK
AT+CGPSINF=0

0,5614.260515,5800.679087,120.234489,20151201203752.000,36,12,0.000000,286.834229
OK
AT+CGPSINF=0

0,5614.260515,5800.679087,120.234489,20151201203757.000,36,12,0.000000,286.834229
OK
AT+CGPSINF=0

0,5614.260515,5800.679087,120.234489,20151201203802.000,36,12,0.000000,286.834229
OK
AT+CGPSINF=0

0,5614.260515,5800.679087,120.234489,20151201203807.000,36,12,0.000000,286.834229
OK
AT+CGPSINF=0

0,5614.260515,5800.679087,120.234489,20151201203812.000,36,12,0.000000,286.834229
OK
AT+CGPSINF=0

0,5614.260515,5800.679087,120.234489,20151201203817.000,36,12,0.000000,286.834229
OK
AT+CGPSINF=0

0,5614.260515,5800.679087,120.234489,20151201203822.000,36,12,0.000000,286.834229
OK
AT+CGPSINF=0

0,5614.260515,5800.679087,120.234489,20151201203827.000,36,11,0.000000,286.834229
OK
AT+CGPSINF=0

0,5614.260515,5800.679087,120.234489,20151201203832.000,36,11,0.000000,286.834229
OK
AT+CGPSINF=0

0,5614.260515,5800.679087,120.234489,20151201203837.000,36,12,0.000000,286.834229
OK
AT+CGPSINF=0

0,5614.260515,5800.679087,120.234489,20151201203842.000,36,12,0.000000,286.834229
OK
AT+CGPSINF=0

0,5614.260515,5800.679087,120.234489,20151201203847.000,36,12,0.000000,286.834229
OK
AT+CGPSINF=0

0,5614.260515,5800.679087,120.234489,20151201203852.000,36,12,0.000000,286.834229
OK
AT+CGPSINF=0

0,5614.260515,5800.679087,120.234489,20151201203857.000,36,12,0.000000,286.834229
OK
AT+CGPSINF=0

0,5614.260515,5800.679087,120.234489,20151201203902.000,36,11,0.000000,286.834229
OK
AT+CGPSINF=0

0,5614.260515,5800.679087,120.234489,20151201203907.000,36,12,0.000000,286.834229
OK
AT+CGPSINF=0

0,5614.260515,5800.679087,120.234489,20151201203912.000,36,12,0.000000,286.834229
OK
AT+CGPSINF=0

0,5614.260515,5800.679087,120.234489,20151201203917.000,36,12,0.000000,286.834229
OK
AT+CGPSINF=0

0,5614.260515,5800.679087,120.234489,20151201203922.000,36,12,0.000000,286.834229
OK
AT+CGPSINF=0

0,5614.260515,5800.679087,120.234489,20151201203927.000,36,11,0.000000,286.834229
OK
AT+CGPSINF=0

0,5614.260515,5800.679087,120.234489,20151201203932.000,36,11,0.000000,286.834229
OK
AT+CGPSINF=0

0,5614.260515,5800.679087,120.234489,20151201203937.000,36,12,0.000000,286.834229
OK
AT+CGPSINF=0

0,5614.260515,5800.679087,120.234489,20151201203942.000,36,12,0.000000,286.834229
OK
AT+CGPSINF=0

0,5614.260515,5800.679087,120.234489,20151201203947.000,36,12,0.000000,286.834229
OK
AT+CGPSINF=0

0,5614.260515,5800.679087,120.234489,20151201203952.000,36,12,0.000000,286.834229
OK
AT+CGPSINF=0

0,5614.260515,5800.679087,120.234489,20151201203957.000,36,12,0.000000,286.834229
OK
AT+CGPSINF=0

0,5614.260515,5800.679087,120.234489,20151201204002.000,36,12,0.000000,286.834229
OK

+CREG: 1
AT+CGPSINF=0

0,5614.260515,5800.679087,120.234489,20151201204007.000,36,12,0.000000,286.834229
OK
AT+CGPSINF=0

0,5614.260515,5800.679087,120.234489,20151201204012.000,36,12,0.000000,286.834229
OK
AT+CGPSINF=0

0,5614.260515,5800.679087,120.234489,20151201204017.000,36,12,0.000000,286.834229
OK
AT+CGPSINF=0

0,5614.260515,5800.679087,120.234489,20151201204022.000,36,13,0.000000,286.834229
OK
AT+CGPSINF=0

0,5614.258381,5800.679431,121.607628,20151201204027.000,36,13,0.313283,286.834229
OK
AT+CGPSINF=0

0,5614.259354,5800.679456,121.266762,20151201204032.000,36,13,0.827353,286.834229
OK
AT+CGPSINF=0

0,5614.252533,5800.678135,121.177040,20151201204037.000,36,13,4.244259,238.107300
OK
AT+CGPSINF=0

0,5614.222108,5800.668911,120.688118,20151201204042.000,36,13,9.275586,243.133240
OK
AT+CGPSINF=0

0,5614.172436,5800.654937,119.662010,20151201204047.000,36,13,12.463444,241.697159
OK
AT+CGPSINF=0

0,5614.115995,5800.640596,118.358368,20151201204052.000,36,13,10.970259,249.407501
OK
AT+CGPSINF=0

0,5614.079809,5800.634310,117.616142,20151201204057.000,36,13,4.377225,253.306763
OK
AT+CGPSINF=0

0,5614.068121,5800.632229,117.842300,20151201204102.000,36,13,0.905229,254.071747
OK
AT+CGPSINF=0

0,5614.067429,5800.632048,118.011459,20151201204107.000,36,13,0.000000,254.071747
OK
AT+CGPSINF=0

0,5614.067429,5800.632048,118.011459,20151201204110.000,36,13,0.000000,254.071747
OK

+CREG: 1
AT+CGPSINF=0

0,5614.067463,5800.632047,117.999283,20151201204115.000,36,13,0.062623,254.071747
OK
AT+CGPSINF=0

0,5614.066044,5800.631828,118.032700,20151201204120.000,36,13,0.267586,254.071747
OK
AT+CGPSINF=0

0,5614.066044,5800.631828,118.032700,20151201204125.000,36,13,0.000000,254.071747
OK
AT+CGPSINF=0

0,5614.065963,5800.631811,117.939835,20151201204130.000,36,13,0.000000,254.071747
OK
AT+CGPSINF=0

0,5614.058957,5800.630549,117.900726,20151201204135.000,36,13,4.262781,251.636169
OK
AT+CGPSINF=0

0,5614.034555,5800.625941,117.768135,20151201204140.000,36,13,6.622672,251.236877
OK
AT+CGPSINF=0

0,5613.990962,5800.618419,117.131287,20151201204145.000,36,13,11.717928,252.224442
OK

+CREG: 1
AT+CGPSINF=0

0,5613.926400,5800.607269,116.003372,20151201204150.000,36,13,15.176616,251.714111
OK
AT+CGPSINF=0

0,5613.846129,5800.593417,114.725449,20151201204155.000,36,13,17.448936,253.230957
OK
AT+CGPSINF=0

0,5613.758925,5800.581500,114.540672,20151201204200.000,36,13,17.321398,255.172424
OK
AT+CGPSINF=0

0,5613.689643,5800.569983,115.939919,20151201204205.000,36,13,10.354872,252.080658
OK
AT+CGPSINF=0

0,5613.658493,5800.564033,114.985626,20151201204210.000,36,13,1.961239,246.313965
OK
AT+CGPSINF=0

0,5613.655642,5800.563523,115.070770,20151201204215.000,36,13,0.000000,244.640182
OK
AT+CGPSINF=0

0,5613.655642,5800.563523,115.070770,20151201204220.000,36,13,0.000000,244.640182
OK
AT+CGPSINF=0

0,5613.655642,5800.563523,115.070770,20151201204225.000,36,13,0.000000,244.640182
OK
AT+CGPSINF=0

0,5613.655642,5800.563523,115.070770,20151201204230.000,36,13,0.000000,244.640182
OK
AT+CGPSINF=0

0,5613.652678,5800.562886,115.177818,20151201204235.000,36,13,1.694965,253.212509
OK
AT+CGPSINF=0

0,5613.628378,5800.558902,114.938148,20151201204240.000,36,13,7.775052,251.908783
OK
AT+CGPSINF=0

0,5613.576648,5800.550000,114.224815,20151201204245.000,36,13,13.375516,252.114258
OK
AT+CGPSINF=0

0,5613.502945,5800.536321,113.404587,20151201204250.000,36,13,17.045782,249.462494
OK
AT+CGPSINF=0

0,5613.415576,5800.517468,112.326057,20151201204255.000,36,13,18.800339,251.689240
OK
AT+CGPSINF=0

0,5613.322097,5800.501315,111.016472,20151201204300.000,36,13,16.798944,252.174255
OK
AT+CGPSINF=0

0,5613.259047,5800.489671,110.949219,20151201204305.000,36,13,8.860702,250.724411
OK

+CREG: 1
AT+CGPSINF=0

0,5613.223760,5800.483708,110.346931,20151201204310.000,36,13,7.259783,251.931610
OK
AT+CGPSINF=0

0,5613.196440,5800.478906,111.008698,20151201204315.000,36,13,3.174963,254.841003
OK
AT+CGPSINF=0

0,5613.167500,5800.474257,110.931091,20151201204320.000,36,13,8.814545,252.911713
OK
AT+CGPSINF=0

0,5613.110316,5800.464712,110.491325,20151201204325.000,36,13,14.459291,252.815628
OK
AT+CGPSINF=0

0,5613.029965,5800.451701,109.430641,20151201204330.001,36,13,17.511435,252.259399
OK

+CREG: 0
AT+CGPSINF=0

0,5612.938982,5800.436662,108.757423,20151201204335.000,36,13,19.314569,252.916382
OK
AT+CGPSINF=0

0,5612.839279,5800.420043,107.885506,20151201204340.000,36,13,21.357698,252.592590
OK
AT+CGPSINF=0

0,5612.734302,5800.402226,107.249489,20151201204345.000,36,13,21.757818,252.027832
OK

+CREG: 1
AT+CGPSINF=0

0,5612.628605,5800.384372,107.004532,20151201204350.000,36,13,21.716887,252.302856
OK
AT+CGPSINF=0

0,5612.524380,5800.366942,106.433128,20151201204355.000,36,13,21.277672,252.035721
OK

+CREG: 0
AT+CGPSINF=0

0,5612.430006,5800.351134,106.370506,20151201204400.000,36,13,18.431095,252.571625
OK
AT+CGPSINF=0

0,5612.339203,5800.335150,106.352989,20151201204405.000,36,13,19.370296,251.856720
OK
AT+CGPSINF=0

0,5612.242374,5800.318351,106.090172,20151201204410.000,36,13,20.591530,252.025223
OK
AT+CGPSINF=0

0,5612.142493,5800.299778,105.490883,20151201204415.000,36,13,21.047350,248.083740
OK
AT+CGPSINF=0

0,5612.046782,5800.281200,105.436203,20151201204420.000,36,13,17.411427,250.489304
OK
AT+CGPSINF=0

0,5611.981815,5800.269589,105.335571,20151201204425.000,36,13,9.730301,251.680710
OK
AT+CGPSINF=0

0,5611.953573,5800.264668,105.104332,20151201204430.000,36,13,2.783492,252.157532
OK
AT+CGPSINF=0

0,5611.948042,5800.263766,104.987854,20151201204435.000,36,13,0.000000,252.821625
OK
AT+CGPSINF=0

0,5611.947995,5800.263752,104.860054,20151201204440.000,36,13,0.403956,252.821625
OK
AT+CGPSINF=0

0,5611.921608,5800.259414,104.807083,20151201204446.000,36,13,7.980735,252.086243
OK
AT+CGPSINF=0

0,5611.883515,5800.252860,104.528336,20151201204450.000,36,13,11.360982,251.997864
OK
AT+CGPSINF=0

0,5611.820297,5800.242207,104.134491,20151201204455.000,36,13,13.689259,252.441162
OK
AT+CGPSINF=0

0,5611.764684,5800.236691,103.953339,20151201204500.000,36,13,10.151027,280.638550
OK
AT+CGPSINF=0

0,5611.717403,5800.251982,103.770988,20151201204505.000,36,13,10.250538,305.692261
OK
AT+CGPSINF=0

0,5611.656446,5800.255442,103.474968,20151201204511.000,36,13,11.178006,252.052231
OK
AT+CGPSINF=0

0,5611.627591,5800.241918,103.470566,20151201204515.000,36,13,9.620193,200.082199
OK
AT+CGPSINF=0

0,5611.644495,5800.216213,104.556755,20151201204520.000,36,13,11.524849,141.954727
OK
AT+CGPSINF=0

0,5611.654861,5800.193505,106.263641,20151201204525.000,36,13,8.499593,206.592026
OK
AT+CGPSINF=0

0,5611.631387,5800.167207,107.941261,20151201204530.000,36,13,12.057485,203.865692
OK
AT+CGPSINF=0

0,5611.618605,5800.129698,105.313568,20151201204535.000,36,13,16.303452,194.919800
OK
AT+CGPSINF=0

0,5611.586299,5800.086993,106.484680,20151201204540.000,36,13,18.670300,205.086533
OK
AT+CGPSINF=0

0,5611.543508,5800.039157,111.190300,20151201204545.000,36,13,20.675632,205.061142
OK
AT+CGPSINF=0

0,5611.496269,5759.986350,113.725349,20151201204550.000,36,13,22.751915,205.149811
OK
AT+CGPSINF=0

0,5611.449170,5759.932604,115.251350,20151201204555.000,36,13,20.713499,204.933060
OK
AT+CGPSINF=0

0,5611.411351,5759.889653,118.750694,20151201204600.000,36,13,14.363325,204.380920
OK
AT+CGPSINF=0

0,5611.386646,5759.861720,121.294319,20151201204605.000,36,13,10.570141,204.374664
OK
AT+CGPSINF=0

0,5611.386122,5759.839356,122.201347,20151201204610.000,36,13,9.763825,144.488098
OK
AT+CGPSINF=0

0,5611.442398,5759.821631,121.756012,20151201204615.000,36,13,15.199926,116.317932
OK
AT+CGPSINF=0

0,5611.503212,5759.806333,121.463577,20151201204620.000,36,13,10.896964,119.985565
OK

+CREG: 1
AT+CGPSINF=0

0,5611.543798,5759.793932,120.349823,20151201204625.000,36,13,6.555933,118.716370
OK

+CREG: 1
AT+CGPSINF=0

0,5611.555867,5759.790941,119.863846,20151201204630.000,36,13,0.291990,116.096413
OK
AT+CGPSINF=0

0,5611.555937,5759.790968,119.701759,20151201204635.000,36,13,0.000000,116.096413
OK
AT+CGPSINF=0

0,5611.555937,5759.790968,119.701759,20151201204640.000,36,13,0.000000,116.096413
OK
AT+CGPSINF=0

0,5611.555927,5759.790968,119.652969,20151201204645.000,36,13,0.000000,116.096413
OK
AT+CGPSINF=0

0,5611.555927,5759.790968,119.652969,20151201204650.000,36,13,0.000000,116.096413
OK

+CREG: 1
AT+CGPSINF=0

0,5611.555927,5759.790968,119.652969,20151201204655.000,36,13,0.000000,116.096413
OK
AT+CGPSINF=0

0,5611.558747,5759.790257,119.617249,20151201204700.000,36,13,3.254977,114.664948
OK
AT+CGPSINF=0

0,5611.581227,5759.781199,119.503845,20151201204705.000,36,13,7.256953,163.813217
OK
AT+CGPSINF=0

0,5611.565438,5759.751742,120.217545,20151201204711.000,36,13,12.547265,203.338074
OK

+CREG: 1
AT+CGPSINF=0

0,5611.544767,5759.724950,120.911980,20151201204715.000,36,13,14.213262,198.850647
OK
AT+CGPSINF=0

0,5611.535630,5759.682602,121.465248,20151201204720.000,36,13,16.981474,178.601593
OK
AT+CGPSINF=0

0,5611.546248,5759.634137,120.828758,20151201204725.000,36,13,18.361675,168.159744
OK
AT+CGPSINF=0

0,5611.573426,5759.585224,122.689674,20151201204730.000,36,13,19.472769,158.739838
OK
AT+CGPSINF=0

0,5611.617894,5759.535825,123.639397,20151201204735.000,36,13,20.115107,152.317657
OK

+CREG: 0
AT+CGPSINF=0

0,5611.659518,5759.494537,124.630333,20151201204740.000,36,13,14.565515,151.257492
OK
AT+CGPSINF=0

0,5611.687279,5759.467416,125.750420,20151201204745.000,36,13,8.213874,151.843491
OK
AT+CGPSINF=0

0,5611.700885,5759.453200,126.319435,20151201204750.000,36,13,3.733155,153.283264
OK
AT+CGPSINF=0

0,5611.703599,5759.450032,126.952675,20151201204755.000,36,13,0.000000,153.452087
OK
AT+CGPSINF=0

0,5611.703599,5759.450032,126.952675,20151201204800.000,36,13,0.000000,153.452087
OK
AT+CGPSINF=0

0,5611.703599,5759.450032,126.952675,20151201204805.000,36,13,0.000000,153.452087
OK
AT+CGPSINF=0

0,5611.703520,5759.450095,127.132309,20151201204810.000,36,13,0.058750,153.452011
OK
AT+CGPSINF=0

0,5611.707509,5759.444813,127.241333,20151201204815.000,36,13,4.643710,166.807404
OK
AT+CGPSINF=0

0,5611.689899,5759.432973,127.756889,20151201204820.000,36,13,8.684702,260.577911
OK
AT+CGPSINF=0

0,5611.631564,5759.430943,128.046768,20151201204825.000,36,13,13.512662,266.605621
OK
AT+CGPSINF=0

0,5611.553943,5759.425673,127.786751,20151201204830.000,36,13,16.982195,254.221375
OK
AT+CGPSINF=0

0,5611.466901,5759.407220,127.574333,20151201204835.000,36,13,19.394772,245.785767
OK
AT+CGPSINF=0

0,5611.380363,5759.386033,127.436485,20151201204840.000,36,13,17.441740,242.206573
OK
AT+CGPSINF=0

0,5611.306814,5759.359890,127.961319,20151201204845.000,36,13,16.816298,231.323257
OK
AT+CGPSINF=0

0,5611.264485,5759.327108,128.270950,20151201204850.000,36,13,15.992989,193.772781
OK
AT+CGPSINF=0

0,5611.243493,5759.281081,128.244614,20151201204855.000,36,13,18.885546,198.340988
OK
AT+CGPSINF=0

0,5611.200547,5759.234429,129.372803,20151201204900.000,36,13,20.124249,210.882355
OK
AT+CGPSINF=0

0,5611.150110,5759.189471,130.498886,20151201204905.000,36,13,18.739611,209.677200
OK
AT+CGPSINF=0

0,5611.096751,5759.144880,130.968735,20151201204910.000,36,13,20.371765,214.900497
OK
AT+CGPSINF=0

0,5611.030467,5759.098832,131.646652,20151201204915.000,36,13,22.274815,219.422485
OK

+CREG: 4

+CREG: 0
AT+CGPSINF=0

0,5610.944092,5759.044257,131.723160,20151201204921.000,36,13,20.551201,220.969467
OK
AT+CGPSINF=0

0,5610.881498,5759.006427,130.733444,20151201204926.000,36,13,16.095285,221.183014
OK
AT+CGPSINF=0

0,5610.837739,5758.979669,130.680466,20151201204931.000,36,13,10.901054,220.807785
OK
AT+CGPSINF=0

0,5610.815166,5758.966163,130.770737,20151201204935.000,36,13,5.779890,221.089462
OK
AT+CGPSINF=0

0,5610.804264,5758.959792,130.816528,20151201204941.000,36,13,0.391382,220.854309
OK

+CREG: 1
AT+CGPSINF=0

0,5610.804298,5758.959815,130.811691,20151201204945.000,36,13,0.000000,220.854309
OK
AT+CGPSINF=0

0,5610.794759,5758.953715,130.721405,20151201204950.000,36,13,6.606863,218.495087
OK
AT+CGPSINF=0

0,5610.759526,5758.929679,131.126297,20151201204956.000,36,13,12.524524,220.636337
OK
AT+CGPSINF=0

0,5610.721457,5758.906329,130.442642,20151201205000.000,36,13,15.874637,221.337875
OK

+CREG: 1
AT+CGPSINF=0

0,5610.644460,5758.864522,129.494644,20151201205006.000,36,13,19.472040,227.527481
OK
AT+CGPSINF=0

0,5610.580890,5758.835996,129.273071,20151201205010.000,36,13,21.120281,231.899506
OK
AT+CGPSINF=0

0,5610.504726,5758.807522,128.870331,20151201205015.000,36,13,15.226555,236.823456
OK
AT+CGPSINF=0

0,5610.443780,5758.787019,128.350113,20151201205021.000,36,13,11.579463,238.805115
OK
AT+CGPSINF=0

0,5610.397974,5758.772546,128.134979,20151201205025.000,36,13,14.723390,240.554428
OK

+CREG: 0
AT+CGPSINF=0

0,5610.326200,5758.750450,127.699020,20151201205030.000,36,13,17.784515,240.130432
OK
AT+CGPSINF=0

0,5610.244523,5758.725035,127.673187,20151201205035.000,36,13,19.282112,239.369934
OK
AT+CGPSINF=0

0,5610.159451,5758.696947,128.383575,20151201205040.000,36,13,20.152889,235.683273
OK
AT+CGPSINF=0

0,5610.082442,5758.667151,128.452179,20151201205045.000,36,13,17.059566,232.807404
OK
AT+CGPSINF=0

0,5610.005040,5758.637691,127.415878,20151201205051.000,36,13,13.224531,235.373749
OK
AT+CGPSINF=0

0,5609.969039,5758.623486,126.562325,20151201205055.000,36,13,9.017064,232.515381
OK
AT+CGPSINF=0

0,5609.944942,5758.613747,126.094810,20151201205100.000,36,13,3.489905,232.089951
OK
AT+CGPSINF=0

0,5609.938269,5758.611047,126.264839,20151201205105.000,36,13,0.889582,232.600143
OK
AT+CGPSINF=0

0,5609.923062,5758.604923,126.070007,20151201205111.000,36,13,6.853647,233.010788
OK
AT+CGPSINF=0

0,5609.893487,5758.593050,125.813858,20151201205115.000,36,13,11.662157,233.072510
OK
AT+CGPSINF=0

0,5609.840391,5758.571400,126.971085,20151201205120.000,36,13,14.547802,232.828064
OK
AT+CGPSINF=0

0,5609.774607,5758.544735,127.122154,20151201205125.000,36,13,18.245018,232.693787
OK
AT+CGPSINF=0

0,5609.681056,5758.506875,126.006630,20151201205131.000,36,13,17.687532,232.675171
OK
AT+CGPSINF=0

0,5609.629240,5758.485599,125.463280,20151201205135.001,36,13,14.302721,231.932510
OK
AT+CGPSINF=0

0,5609.586161,5758.466255,125.706444,20151201205140.000,36,13,7.576972,231.735855
OK
AT+CGPSINF=0

0,5609.571933,5758.460376,125.893127,20151201205145.000,36,13,0.439554,231.886185
OK
AT+CGPSINF=0

0,5609.571811,5758.460320,125.945740,20151201205150.000,36,13,0.000000,231.886185
OK
AT+CGPSINF=0

0,5609.571811,5758.460320,125.945740,20151201205155.000,36,13,0.000000,231.886185
OK
AT+CGPSINF=0

0,5609.557550,5758.454338,126.106773,20151201205200.000,36,13,7.168374,232.105789
OK
AT+CGPSINF=0

0,5609.520348,5758.439260,126.146461,20151201205205.000,36,13,11.889316,232.496811
OK
AT+CGPSINF=0

0,5609.466101,5758.417118,125.867744,20151201205210.000,36,13,15.333185,231.547379
OK
AT+CGPSINF=0

0,5609.406110,5758.386751,126.066963,20151201205215.000,36,13,17.115499,219.139145
OK
AT+CGPSINF=0

0,5609.351052,5758.347238,126.293602,20151201205220.000,36,13,19.307720,216.180740
OK
AT+CGPSINF=0

0,5609.290823,5758.303637,126.681633,20151201205225.000,36,13,20.707664,216.126846
OK
AT+CGPSINF=0

0,5609.227636,5758.258032,126.974319,20151201205230.000,36,13,21.098433,216.237900
OK
AT+CGPSINF=0

0,5609.152247,5758.202556,127.543373,20151201205236.000,36,13,20.063581,216.807205
OK
AT+CGPSINF=0

0,5609.094260,5758.160220,127.869141,20151201205241.000,36,13,18.365776,215.997711
OK
AT+CGPSINF=0

0,5609.049474,5758.126764,128.136765,20151201205246.000,36,13,13.175893,214.176865
OK
AT+CGPSINF=0

0,5609.014924,5758.100936,128.077942,20151201205251.000,36,13,10.302518,220.193130
OK
AT+CMTE?

+CMTE: 0,32

OK
AT+CGPSINF=0

0,5608.998012,5758.091144,127.760788,20151201205256.000,36,13,0.795511,225.272278
OK
AT+CGPSINF=0

0,5608.998103,5758.091191,127.740295,20151201205300.000,36,13,0.000000,225.272278
OK
AT+CGPSINF=0

0,5608.996983,5758.090595,127.925529,20151201205306.000,36,13,2.886485,225.179962
OK
AT+CGPSINF=0

0,5608.994528,5758.082215,127.954971,20151201205310.000,36,13,3.436932,158.225220
OK
AT+CGPSINF=0

0,5609.017692,5758.064808,129.307648,20151201205316.000,36,13,8.846280,141.734161
OK
AT+CGPSINF=0

0,5609.044597,5758.047691,130.503448,20151201205320.000,36,13,11.347231,141.957611
OK
AT+CGPSINF=0

0,5609.081184,5758.019359,132.360519,20151201205326.000,36,13,7.697091,152.210251
OK
AT+CGPSINF=0

0,5609.089280,5758.007841,133.099426,20151201205331.000,36,13,2.389318,227.290085
OK
AT+CGPSINF=0

0,5609.079610,5758.004349,132.967438,20151201205335.000,36,13,3.231781,245.106323
OK
AT+CGPSINF=0

0,5609.069926,5758.002573,132.657944,20151201205340.000,36,13,0.410254,243.827942
OK
AT+CGPSINF=0

0,5609.069641,5758.002581,132.508499,20151201205346.000,36,13,0.000000,243.827942
OK

+CREG: 1
AT+CGPSINF=0

0,5609.069641,5758.002581,132.508499,20151201205351.000,36,13,0.000000,243.827942
OK
AT+CGPSINF=0

0,5609.069641,5758.002581,132.508499,20151201205356.000,36,13,0.000000,243.827942
OK
AT+CGPSINF=0

0,5609.069641,5758.002581,132.508499,20151201205400.000,36,13,0.000000,243.827942
OK
AT+CGPSINF=0

0,5609.069641,5758.002581,132.508499,20151201205405.000,36,13,0.000000,243.827942
OK
AT+CGPSINF=0

0,5609.069641,5758.002581,132.508499,20151201205411.000,36,13,0.000000,243.827942
OK
AT+CGPSINF=0

0,5609.066727,5758.001415,131.719467,20151201205415.000,36,13,1.825172,211.900314
OK
AT+CGPSINF=0

0,5609.057120,5757.995882,131.694229,20151201205421.000,36,13,0.709095,233.245392
OK
AT+CGPSINF=0

0,5609.053039,5757.994003,131.616180,20151201205426.000,36,13,2.766616,225.637527
OK
AT+CGPSINF=0

0,5609.041720,5757.989005,131.531219,20151201205430.000,36,13,3.480922,231.768127
OK
AT+CGPSINF=0

0,5609.019859,5757.979977,131.239319,20151201205436.000,36,13,5.595511,231.147583
OK
AT+CGPSINF=0

0,5608.994501,5757.969049,130.919571,20151201205441.000,36,13,6.839468,232.177307
OK
AT+CGPSINF=0

0,5608.967814,5757.958109,130.493668,20151201205446.000,36,13,5.767204,233.476868
OK
AT+CGPSINF=0

0,5608.960732,5757.949247,130.668213,20151201205451.000,36,13,4.739537,152.496216
OK
AT+CGPSINF=0

0,5608.972230,5757.941040,131.831818,20151201205455.000,36,13,4.451623,137.100754
OK
AT+CGPSINF=0

0,5608.990065,5757.933407,132.686966,20151201205501.000,36,13,3.306071,94.414536
OK
AT+CGPSINF=0

0,5609.005063,5757.937435,133.341125,20151201205505.000,36,13,4.939985,59.269199
OK
AT+CGPSINF=0

0,5609.032714,5757.945268,134.266418,20151201205511.000,36,13,6.004860,63.447193
OK
AT+CGPSINF=0

0,5609.059544,5757.952131,135.167801,20151201205516.000,36,13,5.576986,64.032516
OK
AT+CGPSINF=0

0,5609.084339,5757.958501,135.509018,20151201205521.000,36,13,4.435387,62.072495
OK
AT+CGPSINF=0

0,5609.103598,5757.964337,136.386566,20151201205525.000,36,13,5.388870,59.994659
OK

+CREG: 0
AT+CGPSINF=0

0,5609.125247,5757.970333,136.218460,20151201205531.000,36,13,2.092228,61.350666
OK
AT+CGPSINF=0

0,5609.127359,5757.978079,135.934494,20151201205535.000,36,13,5.816608,341.252228
OK
AT+CGPSINF=0

0,5609.104281,5758.002454,134.277176,20151201205541.000,36,13,9.300086,331.509186
OK
AT+CGPSINF=0

0,5609.082084,5758.023649,133.303375,20151201205545.000,36,13,13.041918,329.662781
OK
AT+CGPSINF=0

0,5609.034432,5758.061174,131.466736,20151201205551.000,36,13,10.374701,324.744659
OK
AT+CGPSINF=0

0,5609.014987,5758.076103,130.467758,20151201205556.000,36,13,1.907862,324.443085
OK
AT+CGPSINF=0

0,5609.013856,5758.077109,130.235016,20151201205601.000,36,13,0.000000,324.443085
OK
AT+CGPSINF=0

0,5609.013856,5758.077109,130.235016,20151201205606.000,36,13,0.000000,324.443085
OK

+CREG: 1
AT+CGPSINF=0

0,5609.013856,5758.077109,130.235016,20151201205610.000,36,13,0.000000,324.443085
OK
AT+CGPSINF=0

0,5609.013856,5758.077109,130.235016,20151201205616.000,36,13,0.000000,324.443085
OK
AT+CGPSINF=0

0,5609.013856,5758.077109,130.235016,20151201205621.000,36,13,0.000000,324.443085
OK
AT+CGPSINF=0

0,5609.013856,5758.077109,130.235016,20151201205625.000,36,13,0.000000,324.443085
OK

+CREG: 0
AT+CGPSINF=0

0,5609.013856,5758.077109,130.235016,20151201205631.000,36,13,0.000000,324.443085
OK
AT+CGPSINF=0

0,5609.013856,5758.077109,130.235016,20151201205636.000,36,13,0.000000,324.443085
OK
AT+CGPSINF=0

0,5609.012848,5758.077883,129.516174,20151201205641.000,36,13,0.000000,324.443085
OK
AT+CGPSINF=0

0,5609.012848,5758.077883,129.516174,20151201205646.000,36,13,0.000000,324.443085
OK
AT+CGPSINF=0

0,5609.012848,5758.077883,129.516174,20151201205651.000,36,13,0.000000,324.443085
OK
AT+CGPSINF=0

0,5609.012483,5758.078144,129.467209,20151201205656.000,36,13,0.155949,324.443085
OK
AT+CGPSINF=0

0,5609.011417,5758.078934,129.386841,20151201205701.000,36,13,0.145327,324.443085
OK
AT+CGPSINF=0

0,5609.011417,5758.078934,129.386841,20151201205706.000,36,13,0.000000,324.443085
OK
AT+CGPSINF=0

0,5609.010189,5758.079848,129.309082,20151201205711.000,36,13,2.561410,323.438049
OK
AT+CGPSINF=0

0,5609.003191,5758.086717,128.944229,20151201205716.000,36,13,3.967645,356.208252
OK
AT+CGPSINF=0

0,5609.024051,5758.101252,128.933640,20151201205721.000,36,13,9.242607,37.367634
OK
AT+CGPSINF=0

0,5609.049367,5758.121117,129.228455,20151201205725.000,36,13,12.280168,33.740925
OK
AT+CGPSINF=0

0,5609.097119,5758.157865,129.626801,20151201205731.000,36,13,15.247487,35.558468
OK
AT+CGPSINF=0

0,5609.144840,5758.192051,130.037521,20151201205736.000,36,13,15.549906,36.575115
OK
AT+CGPSINF=0

0,5609.189977,5758.224118,130.014389,20151201205741.000,36,13,14.040863,36.743546
OK
AT+CGPSINF=0

0,5609.228376,5758.251976,129.694000,20151201205746.000,36,13,10.463607,35.832817
OK
AT+CGPSINF=0

0,5609.253931,5758.263575,129.556442,20151201205751.000,36,13,4.200169,94.803864
OK
AT+CGPSINF=0

0,5609.270075,5758.254783,129.967651,20151201205756.000,36,13,6.273086,147.328766
OK

+CREG: 1
AT+CGPSINF=0

0,5609.285970,5758.241391,130.357895,20151201205801.000,36,13,4.440571,151.813248
OK
AT+CGPSINF=0

0,5609.300541,5758.228229,130.749619,20151201205806.000,36,13,5.955878,149.129028
OK

+CREG: 0
AT+CGPSINF=0

0,5609.316034,5758.213929,130.939438,20151201205811.000,36,13,6.932412,148.226807
OK
AT+CGPSINF=0

0,5609.333170,5758.194577,131.633804,20151201205816.000,36,13,7.149949,154.041992
OK
AT+CGPSINF=0

0,5609.341316,5758.179369,131.450912,20151201205821.000,36,13,2.847627,167.924973
OK
AT+CGPSINF=0

0,5609.346688,5758.175279,131.581299,20151201205826.000,36,13,1.945176,152.701553
OK
AT+CGPSINF=0

0,5609.355739,5758.168587,132.376266,20151201205831.000,36,13,2.502151,150.200150
OK
AT+CGPSINF=0

0,5609.375479,5758.167461,132.336563,20151201205836.000,36,13,6.049178,67.247459
OK
AT+CGPSINF=0

0,5609.415858,5758.178761,133.154114,20151201205841.000,36,13,11.478620,60.263832
OK
AT+CGPSINF=0

0,5609.459449,5758.191527,134.267044,20151201205845.000,36,13,12.970519,58.766113
OK
AT+CGPSINF=0

0,5609.535801,5758.214163,136.253738,20151201205851.000,36,13,14.772052,60.959766
OK
AT+CGPSINF=0

0,5609.602921,5758.234251,137.382263,20151201205856.000,36,13,15.354318,60.934025
OK
AT+CGPSINF=0

0,5609.674599,5758.255374,138.643890,20151201205901.000,36,13,16.296804,61.671875
OK
AT+CGPSINF=0

0,5609.747512,5758.276677,139.999634,20151201205906.000,36,13,16.360722,64.604767
OK
AT+CGPSINF=0

0,5609.823017,5758.297888,140.284149,20151201205911.000,36,13,17.315296,60.607929
OK
AT+CGPSINF=0

0,5609.884890,5758.315942,140.673965,20151201205915.000,36,13,17.325315,61.389366
OK
AT+CGPSINF=0

0,5609.979648,5758.343634,141.254578,20151201205921.000,36,13,18.057442,61.427437
OK
AT+CGPSINF=0

0,5610.057323,5758.366491,142.644028,20151201205926.000,36,13,16.333639,61.545906
OK

+CREG: 1
AT+CGPSINF=0

0,5610.121348,5758.384906,143.519638,20151201205931.000,36,13,10.337965,61.453636
OK
AT+CGPSINF=0

0,5610.162701,5758.397181,143.871765,20151201205936.000,36,13,10.613143,59.059341
OK

+CREG: 0
AT+CGPSINF=0

0,5610.217084,5758.413180,144.414108,20151201205941.000,36,13,14.014957,61.510193
OK
AT+CGPSINF=0

0,5610.286150,5758.433330,144.751251,20151201205946.000,36,13,16.623859,62.020439
OK
AT+CGPSINF=0

0,5610.363137,5758.455409,145.720108,20151201205951.000,36,13,17.650402,60.774731
OK
AT+CGPSINF=0

0,5610.441944,5758.478583,147.101059,20151201205956.000,36,13,18.011963,60.408360
OK
AT+CGPSINF=0

0,5610.522092,5758.502271,148.238693,20151201210001.000,36,13,18.044260,60.117516
OK
AT+CGPSINF=0

0,5610.603802,5758.526889,148.265961,20151201210006.000,36,13,18.815453,60.958286
OK
AT+CGPSINF=0

0,5610.687546,5758.551707,147.643295,20151201210011.000,36,13,19.099749,60.867607
OK

+CREG: 1
AT+CGPSINF=0

0,5610.773714,5758.577308,146.987167,20151201210016.000,36,13,19.457411,61.172302
OK
AT+CGPSINF=0

0,5610.856488,5758.600603,147.169632,20151201210021.000,36,13,17.185425,63.006931
OK
AT+CGPSINF=0

0,5610.922233,5758.619005,147.991165,20151201210026.000,36,13,10.581411,61.206451
OK
AT+CGPSINF=0

0,5610.950268,5758.623983,148.254227,20151201210031.000,36,13,4.422122,123.882942
OK
AT+CGPSINF=0

0,5610.968765,5758.608392,149.111771,20151201210036.000,36,13,8.852293,149.826965
OK
AT+CGPSINF=0

0,5610.994135,5758.583717,149.913940,20151201210041.000,36,13,11.349559,154.447922
OK

+CREG: 0
AT+CGPSINF=0

0,5611.023326,5758.553780,151.621902,20151201210046.000,36,13,13.242202,150.651169
OK
AT+CGPSINF=0

0,5611.053930,5758.524288,152.513962,20151201210051.000,36,13,10.925656,151.506622
OK
AT+CGPSINF=0

0,5611.076498,5758.502994,153.914398,20151201210056.000,36,13,6.348303,138.823334
OK
AT+CGPSINF=0

0,5611.092701,5758.499886,156.028564,20151201210101.000,36,13,2.724802,82.784065
OK
AT+CGPSINF=0

0,5611.112026,5758.503530,155.860321,20151201210106.000,36,13,5.241778,76.041183
OK
AT+CGPSINF=0

0,5611.137541,5758.498519,155.735718,20151201210111.000,36,13,4.932840,112.071655
OK
AT+CGPSINF=0

0,5611.154027,5758.500277,155.565430,20151201210116.000,36,13,2.440601,12.414246
OK
AT+CGPSINF=0

0,5611.150839,5758.504393,155.396042,20151201210121.000,36,13,0.000000,327.698883
OK
AT+CGPSINF=0

0,5611.150829,5758.504425,155.349411,20151201210126.000,36,13,0.000000,327.698883
OK

+CREG: 1
AT+CGPSINF=0

0,5611.150829,5758.504425,155.349411,20151201210131.000,36,13,0.000000,327.698883
OK
AT+CGPSINF=0

0,5611.150829,5758.504425,155.349411,20151201210136.000,36,13,0.000000,327.698883
OK
AT+CGPSINF=0

0,5611.150829,5758.504425,155.349411,20151201210141.000,36,13,0.000000,327.698883
OK
AT+CGPSINF=0

0,5611.150829,5758.504425,155.349411,20151201210146.000,36,13,0.000000,327.698883
OK
AT+CGPSINF=0

0,5611.150829,5758.504425,155.349411,20151201210151.000,36,13,0.000000,327.698883
OK
AT+CGPSINF=0

0,5611.150829,5758.504425,155.349411,20151201210156.000,36,13,0.000000,327.698883
OK
AT+CGPSINF=0

0,5611.150829,5758.504425,155.349411,20151201210201.000,36,13,0.000000,327.698883
OK
AT+CGPSINF=0

0,5611.150829,5758.504425,155.349411,20151201210206.000,36,13,0.000000,327.698883
OK
AT+CGPSINF=0

0,5611.150829,5758.504425,155.349411,20151201210211.000,36,13,0.000000,327.698883
OK
AT+CGPSINF=0

0,5611.150829,5758.504425,155.349411,20151201210216.000,36,13,0.000000,327.698883
OK
AT+CGPSINF=0

0,5611.150829,5758.504425,155.349411,20151201210221.000,36,13,0.000000,327.698883
OK
AT+CGPSINF=0

0,5611.150829,5758.504425,155.349411,20151201210226.000,36,13,0.000000,327.698883
OK

+CREG: 0
AT+CGPSINF=0

0,5611.150829,5758.504425,155.349411,20151201210231.000,36,13,0.000000,327.698883
OK
AT+CGPSINF=0

0,5611.150829,5758.504425,155.349411,20151201210236.000,36,13,0.000000,327.698883
OK
AT+CGPSINF=0

0,5611.150829,5758.504425,155.349411,20151201210241.000,36,13,0.000000,327.698883
OK

+CREG: 1
AT+CGPSINF=0

0,5611.150829,5758.504425,155.349411,20151201210246.000,36,13,0.000000,327.698883
OK
AT+CGPSINF=0

0,5611.150829,5758.504425,155.349411,20151201210251.000,36,13,0.000000,327.698883
OK
AT+CGPSINF=0

0,5611.150829,5758.504425,155.349411,20151201210256.000,36,13,0.000000,327.698883
OK
AT+CGPSINF=0

0,5611.150829,5758.504425,155.349411,20151201210301.000,36,13,0.000000,327.698883
OK
AT+CGPSINF=0

0,5611.150829,5758.504425,155.349411,20151201210306.000,36,13,0.000000,327.698883
OK
AT+CGPSINF=0

0,5611.150829,5758.504425,155.349411,20151201210311.000,36,13,0.000000,327.698883
OK
AT+CGPSINF=0

0,5611.150829,5758.504425,155.349411,20151201210316.000,36,13,0.000000,327.698883
OK
AT+CGPSINF=0

0,5611.150829,5758.504425,155.349411,20151201210321.000,36,13,0.000000,327.698883
OK
AT+CGPSINF=0

0,5611.150829,5758.504425,155.349411,20151201210326.000,36,13,0.000000,327.698883
OK
AT+CGPSINF=0

0,5611.150829,5758.504425,155.349411,20151201210331.000,36,13,0.000000,327.698883
OK
AT+CGPSINF=0

0,5611.150829,5758.504425,155.349411,20151201210336.000,36,13,0.000000,327.698883
OK
AT+CGPSINF=0

0,5611.147972,5758.506728,153.784378,20151201210341.000,36,13,2.850068,329.905823
OK
AT+CGPSINF=0

0,5611.134991,5758.511438,153.916794,20151201210346.000,36,13,4.993029,264.908264
OK
AT+CGPSINF=0

0,5611.103525,5758.505591,153.791107,20151201210351.000,36,13,6.063226,240.063721
OK
AT+CGPSINF=0

0,5611.088329,5758.501952,153.245285,20151201210356.000,36,13,2.794211,245.861450
OK
AT+CGPSINF=0

0,5611.069478,5758.501774,152.459869,20151201210401.000,36,13,5.123484,315.819275
OK
AT+CGPSINF=0

0,5611.050436,5758.519107,151.074585,20151201210406.000,36,13,9.200777,329.117432
OK

+CREG: 0
AT+CGPSINF=0

0,5611.022775,5758.545878,149.338638,20151201210411.000,36,13,13.166190,330.158966
OK
AT+CGPSINF=0

0,5610.990746,5758.576827,147.423508,20151201210416.000,36,13,12.707876,332.247589
OK
AT+CGPSINF=0

0,5610.961057,5758.605692,146.175308,20151201210421.000,36,13,10.555219,332.469543
OK
AT+CGPSINF=0

0,5610.944047,5758.622182,145.495071,20151201210426.000,36,13,2.235487,333.922485
OK
AT+CGPSINF=0

0,5610.943317,5758.622811,145.298218,20151201210431.000,36,13,0.000000,333.922485
OK
AT+CGPSINF=0

0,5610.942701,5758.624300,145.123962,20151201210436.000,36,13,2.794780,356.423767
OK
AT+CGPSINF=0

0,5610.965720,5758.633111,145.201813,20151201210441.000,36,13,8.247152,62.093742
OK
AT+CGPSINF=0

0,5611.011208,5758.646242,146.901886,20151201210446.000,36,13,12.017964,60.528175
OK
AT+CGPSINF=0

0,5611.062718,5758.661437,149.080902,20151201210451.000,36,13,10.040907,61.961510
OK
AT+CGPSINF=0

0,5611.113921,5758.676810,150.265472,20151201210456.000,36,13,13.413792,61.709332
OK
AT+CGPSINF=0

0,5611.179543,5758.696033,150.597992,20151201210501.000,36,13,16.142107,60.449989
OK
AT+CGPSINF=0

0,5611.256613,5758.719023,150.777695,20151201210506.000,36,13,18.063116,60.246967
OK
AT+CGPSINF=0

0,5611.332486,5758.741075,151.406006,20151201210511.000,36,13,12.580750,61.611477
OK
AT+CGPSINF=0

0,5611.365673,5758.750438,151.655380,20151201210516.000,36,13,3.756157,65.748146
OK
AT+CGPSINF=0

0,5611.391725,5758.758115,152.174149,20151201210521.000,36,13,8.160222,61.675053
OK
AT+CGPSINF=0

0,5611.439419,5758.772469,152.833527,20151201210526.000,36,13,13.109948,61.264652
OK
AT+CGPSINF=0

0,5611.505333,5758.791629,153.212799,20151201210531.000,36,13,15.984175,61.500439
OK

+CREG: 1
AT+CGPSINF=0

0,5611.573783,5758.811623,153.996719,20151201210536.000,36,13,11.981254,59.732265
OK
AT+CGPSINF=0

0,5611.611418,5758.822037,154.479919,20151201210541.000,36,13,7.192649,61.130352
OK
AT+CGPSINF=0

0,5611.632677,5758.828473,154.767593,20151201210545.000,36,13,6.439500,61.376209
OK

+CREG: 1
AT+CGPSINF=0

0,5611.685724,5758.843621,154.367111,20151201210551.000,36,13,13.126557,60.826347
OK
AT+CGPSINF=0

0,5611.752060,5758.863224,153.612518,20151201210556.000,36,13,16.848951,61.205826
OK

+CREG: 1
AT+CGPSINF=0

0,5611.831392,5758.886778,152.749176,20151201210601.000,36,13,18.699436,60.918205
OK
AT+CGPSINF=0

0,5611.917995,5758.912928,151.500885,20151201210606.000,36,13,20.396803,60.730061
OK
AT+CGPSINF=0

0,5612.012210,5758.942110,150.978027,20151201210611.000,36,13,22.536661,57.776005
OK
AT+CGPSINF=0

0,5612.112232,5758.972553,150.240494,20151201210616.000,36,13,22.422104,61.394924
OK
AT+CGPSINF=0

0,5612.209560,5759.000712,147.555435,20151201210621.000,36,13,21.259094,60.781677
OK
AT+CGPSINF=0

0,5612.301790,5759.026745,145.941498,20151201210626.000,36,13,20.127718,61.074734
OK

+CREG: 1
AT+CGPSINF=0

0,5612.390588,5759.052682,145.272659,20151201210631.000,36,13,19.874760,61.000481
OK
AT+CGPSINF=0

0,5612.475163,5759.077530,145.232574,20151201210636.000,36,13,17.504023,61.885777
OK

+CREG: 0
AT+CGPSINF=0

0,5612.550096,5759.098694,145.476715,20151201210641.000,36,13,16.495070,63.344479
OK
AT+CGPSINF=0

0,5612.626647,5759.119979,145.606735,20151201210646.000,36,13,17.892418,61.767239
OK
AT+CGPSINF=0

0,5612.712470,5759.144036,145.944916,20151201210651.000,36,13,19.637074,62.255947
OK
AT+CGPSINF=0

0,5612.795698,5759.165740,146.870728,20151201210656.000,36,13,16.955729,69.923485
OK
AT+CGPSINF=0

0,5612.882993,5759.171043,148.942291,20151201210701.000,36,13,17.906570,90.831970
OK
AT+CGPSINF=0

0,5612.975323,5759.170361,152.521774,20151201210706.000,36,13,18.476892,91.059074
OK
AT+CGPSINF=0

0,5613.068112,5759.166936,155.108597,20151201210711.000,36,13,18.187525,98.524513
OK
AT+CGPSINF=0

0,5613.159555,5759.156791,157.833893,20151201210716.000,36,13,18.702274,101.919922
OK
AT+CGPSINF=0

0,5613.254645,5759.145349,159.988098,20151201210721.000,36,12,19.669327,103.118263
OK
AT+CGPSINF=0

0,5613.354591,5759.131933,161.318604,20151201210726.000,36,12,20.869360,103.753433
OK

+CREG: 1
AT+CGPSINF=0

0,5613.460542,5759.117986,161.693237,20151201210731.000,36,12,21.977081,103.693298
OK
AT+CGPSINF=0

0,5613.569685,5759.105151,160.550186,20151201210736.000,36,12,21.676338,99.352615
OK
AT+CGPSINF=0

0,5613.676291,5759.102103,158.242081,20151201210741.000,36,12,20.680414,85.214745
OK

+CREG: 1
AT+CGPSINF=0

0,5613.776730,5759.111683,155.985138,20151201210746.000,36,12,19.569979,77.298088
OK

+CREG: 0
AT+CGPSINF=0

0,5613.875209,5759.123805,153.673203,20151201210751.000,36,12,20.070667,76.431618
OK
AT+CGPSINF=0

0,5613.973422,5759.136098,151.143097,20151201210756.000,36,12,20.036777,77.031929
OK
AT+CGPSINF=0

0,5614.075925,5759.148470,148.231766,20151201210801.000,36,12,21.449759,78.876266
OK

+CREG: 1
AT+CGPSINF=0

0,5614.187115,5759.156456,147.698090,20151201210806.000,36,12,22.494467,86.982803
OK
AT+CGPSINF=0

0,5614.299512,5759.152135,149.906143,20151201210811.000,36,12,21.828465,99.424927
OK
AT+CGPSINF=0

0,5614.401893,5759.140321,153.376709,20151201210816.000,36,12,18.496428,102.932228
OK
AT+CGPSINF=0

0,5614.486788,5759.129453,156.170914,20151201210821.000,36,12,16.909760,102.915230
OK
AT+CGPSINF=0

0,5614.571986,5759.119361,159.246490,20151201210826.000,36,12,17.683651,100.438232
OK

+CREG: 4

+CREG: 0
AT+CGPSINF=0

0,5614.662837,5759.112696,162.752716,20151201210831.000,36,12,18.103964,95.558914
OK
AT+CGPSINF=0

0,5614.756370,5759.108742,166.107117,20151201210836.000,36,12,19.153040,90.977692
OK
AT+CGPSINF=0

0,5614.843203,5759.109730,167.958527,20151201210841.000,36,12,13.786323,87.645081
OK
AT+CGPSINF=0

0,5614.891250,5759.110918,168.586807,20151201210846.000,36,12,5.856803,86.417786
OK
AT+CGPSINF=0

0,5614.905265,5759.111390,169.259735,20151201210851.000,36,12,0.000000,89.565102
OK
AT+CGPSINF=0

0,5614.905572,5759.111571,169.086075,20151201210856.000,36,12,0.000000,89.565102
OK
AT+CGPSINF=0

0,5614.924986,5759.112053,169.330048,20151201210901.000,36,12,6.731325,88.424736
OK
AT+CGPSINF=0

0,5614.949275,5759.112560,169.436584,20151201210906.000,36,15,3.708637,87.199158
OK
AT+CGPSINF=0

0,5614.982696,5759.113376,169.277740,20151201210911.000,36,14,8.479032,87.845169
OK
AT+CGPSINF=0

0,5615.032948,5759.114090,169.756042,20151201210916.000,36,14,10.703979,87.982887
OK
AT+CGPSINF=0

0,5615.082443,5759.114885,170.326645,20151201210921.000,36,14,8.340981,88.403740
OK
AT+CGPSINF=0

0,5615.116610,5759.115326,170.848480,20151201210926.000,36,14,5.366312,88.582115
OK
AT+CGPSINF=0

0,5615.135684,5759.115524,171.327393,20151201210931.000,36,15,1.200452,88.458694
OK
AT+CGPSINF=0

0,5615.136165,5759.115605,171.571381,20151201210936.000,36,14,0.000000,88.458717
OK
AT+CGPSINF=0

0,5615.136165,5759.115605,171.571381,20151201210941.000,36,14,0.000000,88.458717
OK
AT+CGPSINF=0

0,5615.136165,5759.115605,171.571381,20151201210946.000,36,14,0.000000,88.458717
OK
AT+CGPSINF=0

0,5615.136165,5759.115605,171.571381,20151201210951.000,36,14,0.000000,88.458717
OK
AT+CGPSINF=0

0,5615.136165,5759.115605,171.571381,20151201210956.000,36,14,0.000000,88.458717
OK
AT+CGPSINF=0

0,5615.136058,5759.115607,171.420486,20151201211001.000,36,14,0.049261,88.458717
OK
AT+CGPSINF=0

0,5615.153303,5759.115753,171.564987,20151201211006.000,36,13,6.502275,89.108276
OK
AT+CGPSINF=0

0,5615.196541,5759.115779,171.821976,20151201211011.000,36,13,10.771752,89.234772
OK
AT+CGPSINF=0

0,5615.260986,5759.116230,172.109589,20151201211016.000,36,14,13.511927,88.730026
OK
AT+CGPSINF=0

0,5615.333520,5759.116688,172.082382,20151201211021.000,36,13,15.197142,89.767967
OK
AT+CGPSINF=0

0,5615.413024,5759.117772,171.430710,20151201211026.000,36,13,15.339685,87.978470
OK
AT+CGPSINF=0

0,5615.472406,5759.119186,170.912521,20151201211031.000,36,14,9.125151,87.988960
OK
AT+CGPSINF=0

0,5615.517212,5759.119860,170.444305,20151201211036.000,36,13,9.756013,88.709572
OK
AT+CGPSINF=0

0,5615.547586,5759.120823,170.148163,20151201211041.000,36,13,5.548960,87.891663
OK
AT+CGPSINF=0

0,5615.587712,5759.121820,168.876877,20151201211046.000,36,14,11.013286,87.303726
OK
AT+CGPSINF=0

0,5615.656014,5759.124003,166.898972,20151201211051.000,36,14,15.810015,86.597458
OK
AT+CGPSINF=0

0,5615.745837,5759.126923,164.654831,20151201211056.000,36,14,18.160379,86.639397
OK
AT+CGPSINF=0

0,5615.834783,5759.129271,163.374069,20151201211101.000,36,13,16.959969,87.644310
OK
AT+CGPSINF=0

0,5615.915567,5759.130555,162.728485,20151201211106.000,36,13,14.800100,88.367622
OK
AT+CGPSINF=0

0,5615.981633,5759.131619,162.369476,20151201211111.000,36,13,11.322926,87.877815
OK
AT+CGPSINF=0

0,5616.028911,5759.132430,162.195023,20151201211116.000,36,14,7.225312,87.965607
OK
AT+CGPSINF=0

0,5616.052436,5759.132799,162.031876,20151201211121.000,36,14,5.121265,88.324753
OK
AT+CGPSINF=0

0,5616.090720,5759.133779,161.819763,20151201211126.000,36,14,9.951819,86.917358
OK
AT+CGPSINF=0

0,5616.154832,5759.137284,160.941147,20151201211131.000,36,14,14.857145,81.083252
OK
AT+CGPSINF=0

0,5616.239377,5759.146558,159.394135,20151201211136.000,36,15,18.398840,76.681770
OK
AT+CGPSINF=0

0,5616.346928,5759.161930,157.967270,20151201211141.000,36,13,23.586651,76.170868
OK
AT+CGPSINF=0

0,5616.471853,5759.176195,158.233643,20151201211146.000,36,14,25.437820,79.361488
OK
AT+CGPSINF=0

0,5616.601571,5759.188923,159.489670,20151201211151.000,36,14,25.061560,79.112381
OK
AT+CGPSINF=0

0,5616.706476,5759.199548,160.756668,20151201211156.000,36,14,17.744753,80.068077
OK
AT+CGPSINF=0

0,5616.796918,5759.207824,162.368088,20151201211201.000,36,14,18.792000,80.723892
OK

+CREG: 4
AT+CGPSINF=0

0,5616.894007,5759.214343,166.240158,20151201211206.000,36,13,19.934534,84.689774
OK
AT+CGPSINF=0

0,5616.997948,5759.217242,169.688660,20151201211211.000,36,12,20.948801,87.958992
OK
AT+CGPSINF=0

0,5617.105383,5759.218827,171.818405,20151201211216.000,36,12,21.541817,88.202957
OK
AT+CGPSINF=0

0,5617.217373,5759.220778,172.599518,20151201211221.000,36,11,22.446114,87.976555
OK
AT+CGPSINF=0

0,5617.332479,5759.222818,173.402847,20151201211226.000,36,12,22.573565,88.368378
OK
AT+CGPSINF=0

0,5617.438430,5759.229069,173.773621,20151201211231.000,36,11,20.459204,77.795326
OK

+CREG: 1
AT+CGPSINF=0

0,5617.538447,5759.248814,174.344055,20151201211236.000,36,12,21.453287,62.693733
OK
AT+CGPSINF=0

0,5617.627492,5759.283200,175.683090,20151201211241.001,36,12,21.980568,47.405071
OK
AT+CGPSINF=0

0,5617.706514,5759.328122,175.361450,20151201211246.000,36,12,23.373655,41.865025
OK
AT+CGPSINF=0

0,5617.778965,5759.371987,174.031586,20151201211251.000,36,12,19.221693,42.115265
OK
AT+CGPSINF=0

0,5617.842481,5759.410517,172.711685,20151201211256.000,36,12,19.452578,42.347923
OK

+CREG: 1
AT+CGPSINF=0

0,5617.909105,5759.449036,173.231430,20151201211301.000,36,12,19.647213,43.534512
OK
AT+CGPSINF=0

0,5617.977972,5759.487718,174.161469,20151201211306.000,36,12,19.181147,41.725124
OK
AT+CGPSINF=0

0,5618.037299,5759.525349,173.923172,20151201211311.000,36,12,17.671230,40.980259
OK
AT+CGPSINF=0

0,5618.097329,5759.561549,173.744843,20151201211316.000,36,12,17.938698,41.993534
OK
AT+CGPSINF=0

0,5618.158114,5759.597083,173.497849,20151201211321.000,36,12,17.632183,42.110931
OK
AT+CGPSINF=0

0,5618.218758,5759.632629,173.083679,20151201211326.000,36,12,17.959085,42.144855
OK
AT+CGPSINF=0

0,5618.280045,5759.668737,172.901703,20151201211331.000,36,12,18.029806,42.046391
OK
AT+CGPSINF=0

0,5618.341531,5759.704713,172.120224,20151201211336.000,36,12,18.419107,42.663792
OK
AT+CGPSINF=0

0,5618.405122,5759.741971,171.123383,20151201211341.000,36,12,18.674805,41.920502
OK
AT+CGPSINF=0

0,5618.468492,5759.779289,169.700348,20151201211346.000,36,12,18.452049,41.865784
OK
AT+CGPSINF=0

0,5618.530764,5759.816143,168.132980,20151201211351.000,36,12,18.213415,42.391243
OK
AT+CGPSINF=0

0,5618.593922,5759.853272,165.943161,20151201211356.000,36,12,18.260000,42.456451
OK

+CREG: 1
AT+CGPSINF=0

0,5618.654076,5759.888714,162.612732,20151201211401.000,36,12,17.240107,42.076988
OK
AT+CGPSINF=0

0,5618.718133,5759.926001,158.490799,20151201211406.000,36,12,20.165739,42.288723
OK
AT+CGPSINF=0

0,5618.786301,5759.965884,154.047241,20151201211411.000,36,12,19.613743,42.487610
OK
AT+CGPSINF=0

0,5618.853226,5800.003572,149.814911,20151201211416.000,36,12,18.442265,43.258404
OK
AT+CGPSINF=0

0,5618.915936,5800.034603,146.380554,20151201211421.000,36,12,15.485606,56.204514
OK
AT+CGPSINF=0

0,5618.973840,5800.054575,144.027496,20151201211426.000,36,12,12.578524,53.164913
OK
AT+CGPSINF=0

0,5618.996567,5800.080873,141.265594,20151201211431.000,36,12,12.076755,2.355041
OK

+CREG: 1
AT+CGPSINF=0

0,5618.967972,5800.113701,137.135117,20151201211436.000,36,12,14.083097,319.448639
OK
AT+CGPSINF=0

0,5618.905061,5800.129393,137.888580,20151201211441.000,36,13,16.125608,268.018982
OK
AT+CGPSINF=0

0,5618.848948,5800.120804,140.117218,20151201211446.000,36,13,6.515562,253.840393
OK
AT+CGPSINF=0

0,5618.838823,5800.118357,141.003616,20151201211451.000,36,13,0.000000,256.242920
OK
AT+CGPSINF=0

0,5618.831556,5800.117442,141.431259,20151201211456.000,36,13,3.596532,267.564697
OK
AT+CGPSINF=0

0,5618.818518,5800.129305,142.116257,20151201211501.000,36,14,7.597472,358.461243
OK
AT+CGPSINF=0

0,5618.815912,5800.156385,142.798279,20151201211506.000,36,14,11.365646,357.042267
OK
AT+CGPSINF=0

0,5618.811841,5800.191150,143.968643,20151201211511.000,36,14,13.667614,356.983337
OK
AT+CGPSINF=0

0,5618.807784,5800.231312,145.454178,20151201211516.000,36,14,14.602233,356.405975
OK

+CMTI: "SM",9
AT+CGPSINF=0

0,5618.790472,5800.268113,146.764114,20151201211521.000,36,14,13.562356,329.001160
OK
AT+CGPSINF=0

0,5618.733246,5800.290704,150.319504,20151201211526.000,36,13,15.183423,289.173920
OK
AT+CGPSINF=0

0,5618.653567,5800.303646,152.920502,20151201211531.000,36,13,17.568731,292.246399
OK

+CREG: 0
AT+CGPSINF=0

0,5618.563860,5800.317989,156.665619,20151201211536.000,36,14,18.572050,283.681824
OK
AT+CGPSINF=0

0,5618.487087,5800.332928,159.010773,20151201211541.000,36,14,12.542713,295.906403
OK

+CREG: 1
AT+CGPSINF=0

0,5618.446705,5800.344395,159.378174,20151201211546.000,36,14,6.245935,317.211853
OK
AT+CGPSINF=0

0,5618.454643,5800.362814,157.831406,20151201211551.000,36,13,10.713221,24.986265
OK
AT+CGPSINF=0

0,5618.481724,5800.392377,154.406204,20151201211556.000,36,13,12.666125,26.422646
OK
AT+CGPSINF=0

0,5618.505385,5800.419020,151.485107,20151201211601.000,36,13,8.420588,25.365393
OK
AT+CGPSINF=0

0,5618.512395,5800.432113,150.043076,20151201211606.000,36,13,3.385131,325.376984
OK
AT+CGPSINF=0

0,5618.494094,5800.437238,151.292953,20151201211611.000,36,13,6.211441,293.143280
OK
AT+CGPSINF=0

0,5618.459750,5800.446516,152.187531,20151201211616.000,36,12,8.009409,301.694885
OK
AT+CGPSINF=0

0,5618.430977,5800.457388,152.214096,20151201211621.000,36,11,6.226549,301.955841
OK

+CREG: 0
AT+CGPSINF=0

0,5618.403030,5800.464032,152.206665,20151201211626.000,36,12,4.149298,289.778748
OK
AT+CGPSINF=0

0,5618.390573,5800.466929,152.126434,20151201211631.000,36,13,3.484336,292.855560
OK
AT+CGPSINF=0

0,5618.375799,5800.470431,151.960449,20151201211636.000,36,12,2.006079,293.003662
OK
AT+CGPSINF=0

0,5618.371897,5800.469917,152.236481,20151201211641.000,36,12,0.074023,256.210663
OK
AT+CGPSINF=0

0,5618.371423,5800.469846,152.260315,20151201211646.000,36,11,0.086073,256.210663
OK
AT+CGPSINF=0

0,5618.371423,5800.469846,152.260315,20151201211651.000,36,12,0.000000,256.210663
OK
AT+CGPSINF=0

0,5618.371423,5800.469846,152.260315,20151201211656.000,36,12,0.000000,256.210663
OK
AT+CGPSINF=0

0,5618.371423,5800.469846,152.260315,20151201211701.000,36,12,0.000000,256.210663
OK
AT+CGPSINF=0

0,5618.371423,5800.469846,152.260315,20151201211706.000,36,12,0.000000,256.210663
OK
AT+CGPSINF=0

0,5618.371423,5800.469846,152.260315,20151201211711.000,36,12,0.000000,256.210663
OK
AT+CGPSINF=0

0,5618.371423,5800.469846,152.260315,20151201211716.000,36,12,0.000000,256.210663
OK
AT+CGPSINF=0

0,5618.371423,5800.469846,152.260315,20151201211721.000,36,12,0.000000,256.210663
OK
